<?xml version="1.0" encoding="UTF-8"?>
<!-- Generated by org.testng.reporters.JUnitReportReporter -->
<testsuite hostname="DESKTOP-CEIBMG6" failures="0" tests="1" name="com.api.test.GetAndPostExamples" time="3.688" errors="0" timestamp="2023-10-28T00:52:20 BST" skipped="0">
  <testcase classname="com.api.test.GetAndPostExamples" name="gettest" time="3.688"/>
</testsuite> <!-- com.api.test.GetAndPostExamples -->
