<?xml version="1.0" encoding="UTF-8"?>
<!-- Generated by org.testng.reporters.JUnitReportReporter -->
<testsuite hostname="DESKTOP-CEIBMG6" failures="0" tests="1" name="com.api.test.PostExample" time="3.533" errors="0" timestamp="2023-11-03T19:17:03 GMT" skipped="0">
  <testcase classname="com.api.test.PostExample" name="Posttest" time="3.533"/>
</testsuite> <!-- com.api.test.PostExample -->
