<?xml version="1.0" encoding="UTF-8"?>
<!-- Generated by org.testng.reporters.JUnitReportReporter -->
<testsuite hostname="DESKTOP-CEIBMG6" failures="0" tests="1" name="com.api.test.GetExample" time="5.166" errors="0" timestamp="2023-11-03T17:51:38 GMT" skipped="0">
  <testcase classname="com.api.test.GetExample" name="gettest" time="5.166"/>
</testsuite> <!-- com.api.test.GetExample -->
